{"/Users/fsociety/Dropbox/Appar/Memerary/api/src/database/connector.database.ts": {"path":"/Users/fsociety/Dropbox/Appar/Memerary/api/src/database/connector.database.ts","statementMap":{"0":{"start":{"line":1,"column":0},"end":{"line":1,"column":26}},"1":{"start":{"line":2,"column":0},"end":{"line":2,"column":48}},"2":{"start":{"line":6,"column":8},"end":{"line":6,"column":77}},"3":{"start":{"line":4,"column":0},"end":{"line":4,"column":13}},"4":{"start":{"line":9,"column":18},"end":{"line":13,"column":6}},"5":{"start":{"line":16,"column":19},"end":{"line":32,"column":6}},"6":{"start":{"line":17,"column":21},"end":{"line":23,"column":10}},"7":{"start":{"line":25,"column":8},"end":{"line":30,"column":11}},"8":{"start":{"line":26,"column":12},"end":{"line":29,"column":null}},"9":{"start":{"line":27,"column":16},"end":{"line":27,"column":35}},"10":{"start":{"line":28,"column":16},"end":{"line":28,"column":59}},"11":{"start":{"line":31,"column":8},"end":{"line":31,"column":20}}},"fnMap":{"0":{"name":"(anonymous_1)","decl":{"start":{"line":5,"column":11},"end":{"line":5,"column":17}},"loc":{"start":{"line":5,"column":32},"end":{"line":7,"column":5}}},"1":{"name":"(anonymous_2)","decl":{"start":{"line":9,"column":31},"end":{"line":9,"column":34}},"loc":{"start":{"line":9,"column":36},"end":{"line":13,"column":5}}},"2":{"name":"(anonymous_3)","decl":{"start":{"line":16,"column":35},"end":{"line":16,"column":38}},"loc":{"start":{"line":16,"column":40},"end":{"line":32,"column":5}}},"3":{"name":"(anonymous_4)","decl":{"start":{"line":25,"column":21},"end":{"line":25,"column":22}},"loc":{"start":{"line":25,"column":36},"end":{"line":30,"column":9}}}},"branchMap":{"0":{"loc":{"start":{"line":6,"column":15},"end":{"line":6,"column":31}},"type":"binary-expr","locations":[{"start":{"line":6,"column":15},"end":{"line":6,"column":31}},{"start":{"line":6,"column":36},"end":{"line":6,"column":75}}]},"1":{"loc":{"start":{"line":26,"column":12},"end":{"line":29,"column":null}},"type":"if","locations":[{"start":{"line":26,"column":12},"end":{"line":29,"column":null}},{"start":{"line":26,"column":12},"end":{"line":29,"column":null}}]}},"s":{"0":1,"1":1,"2":0,"3":1,"4":1,"5":1,"6":0,"7":0,"8":0,"9":0,"10":0,"11":0},"f":{"0":0,"1":0,"2":0,"3":0},"b":{"0":[0,0],"1":[0,0]}}
,"/Users/fsociety/Dropbox/Appar/Memerary/api/src/database/mappers/tables.mapper.ts": {"path":"/Users/fsociety/Dropbox/Appar/Memerary/api/src/database/mappers/tables.mapper.ts","statementMap":{"0":{"start":{"line":1,"column":0},"end":{"line":1,"column":null}},"1":{"start":{"line":2,"column":4},"end":{"line":2,"column":null}},"2":{"start":{"line":3,"column":4},"end":{"line":3,"column":null}},"3":{"start":{"line":4,"column":4},"end":{"line":4,"column":null}},"4":{"start":{"line":5,"column":4},"end":{"line":5,"column":null}},"5":{"start":{"line":6,"column":4},"end":{"line":6,"column":null}},"6":{"start":{"line":7,"column":4},"end":{"line":7,"column":null}},"7":{"start":{"line":8,"column":4},"end":{"line":8,"column":null}},"8":{"start":{"line":9,"column":4},"end":{"line":9,"column":null}},"9":{"start":{"line":10,"column":4},"end":{"line":10,"column":null}},"10":{"start":{"line":11,"column":4},"end":{"line":11,"column":null}},"11":{"start":{"line":12,"column":4},"end":{"line":12,"column":null}},"12":{"start":{"line":13,"column":4},"end":{"line":13,"column":null}},"13":{"start":{"line":14,"column":4},"end":{"line":14,"column":null}},"14":{"start":{"line":15,"column":4},"end":{"line":15,"column":null}},"15":{"start":{"line":18,"column":0},"end":{"line":18,"column":null}},"16":{"start":{"line":19,"column":4},"end":{"line":19,"column":null}},"17":{"start":{"line":20,"column":4},"end":{"line":20,"column":null}},"18":{"start":{"line":133,"column":13},"end":{"line":138,"column":2}},"19":{"start":{"line":140,"column":13},"end":{"line":146,"column":2}}},"fnMap":{"0":{"name":"(anonymous_0)","decl":{"start":{"line":1,"column":0},"end":{"line":1,"column":12}},"loc":{"start":{"line":1,"column":18},"end":{"line":16,"column":1}}},"1":{"name":"(anonymous_1)","decl":{"start":{"line":18,"column":0},"end":{"line":18,"column":12}},"loc":{"start":{"line":18,"column":25},"end":{"line":21,"column":1}}}},"branchMap":{"0":{"loc":{"start":{"line":1,"column":12},"end":{"line":1,"column":18}},"type":"binary-expr","locations":[{"start":{"line":1,"column":12},"end":{"line":1,"column":18}},{"start":{"line":1,"column":12},"end":{"line":1,"column":null}}]},"1":{"loc":{"start":{"line":18,"column":12},"end":{"line":18,"column":25}},"type":"binary-expr","locations":[{"start":{"line":18,"column":12},"end":{"line":18,"column":25}},{"start":{"line":18,"column":12},"end":{"line":18,"column":null}}]}},"s":{"0":1,"1":1,"2":1,"3":1,"4":1,"5":1,"6":1,"7":1,"8":1,"9":1,"10":1,"11":1,"12":1,"13":1,"14":1,"15":1,"16":1,"17":1,"18":1,"19":1},"f":{"0":1,"1":1},"b":{"0":[1,1],"1":[1,1]}}
,"/Users/fsociety/Dropbox/Appar/Memerary/api/src/database/microservices/users.microservice.ts": {"path":"/Users/fsociety/Dropbox/Appar/Memerary/api/src/database/microservices/users.microservice.ts","statementMap":{"0":{"start":{"line":1,"column":0},"end":{"line":1,"column":52}},"1":{"start":{"line":3,"column":0},"end":{"line":3,"column":null}},"2":{"start":{"line":8,"column":0},"end":{"line":8,"column":55}},"3":{"start":{"line":13,"column":4},"end":{"line":19,"column":6}},"4":{"start":{"line":18,"column":8},"end":{"line":18,"column":51}},"5":{"start":{"line":21,"column":4},"end":{"line":23,"column":6}},"6":{"start":{"line":22,"column":8},"end":{"line":22,"column":51}},"7":{"start":{"line":25,"column":4},"end":{"line":34,"column":11}},"8":{"start":{"line":26,"column":8},"end":{"line":34,"column":10}},"9":{"start":{"line":27,"column":12},"end":{"line":33,"column":14}},"10":{"start":{"line":30,"column":20},"end":{"line":30,"column":41}},"11":{"start":{"line":30,"column":29},"end":{"line":30,"column":41}},"12":{"start":{"line":31,"column":20},"end":{"line":31,"column":34}},"13":{"start":{"line":36,"column":4},"end":{"line":62,"column":11}},"14":{"start":{"line":40,"column":8},"end":{"line":62,"column":10}},"15":{"start":{"line":41,"column":22},"end":{"line":41,"column":79}},"16":{"start":{"line":42,"column":33},"end":{"line":42,"column":62}},"17":{"start":{"line":43,"column":12},"end":{"line":45,"column":null}},"18":{"start":{"line":44,"column":16},"end":{"line":44,"column":61}},"19":{"start":{"line":47,"column":12},"end":{"line":61,"column":15}},"20":{"start":{"line":48,"column":16},"end":{"line":48,"column":37}},"21":{"start":{"line":48,"column":25},"end":{"line":48,"column":37}},"22":{"start":{"line":49,"column":29},"end":{"line":49,"column":51}},"23":{"start":{"line":50,"column":16},"end":{"line":50,"column":52}},"24":{"start":{"line":52,"column":16},"end":{"line":59,"column":null}},"25":{"start":{"line":56,"column":20},"end":{"line":58,"column":22}},"26":{"start":{"line":60,"column":16},"end":{"line":60,"column":30}},"27":{"start":{"line":12,"column":0},"end":{"line":12,"column":13}}},"fnMap":{"0":{"name":"(anonymous_0)","decl":{"start":{"line":12,"column":0},"end":{"line":12,"column":13}},"loc":{"start":{"line":12,"column":0},"end":{"line":63,"column":1}}},"1":{"name":"(anonymous_1)","decl":{"start":{"line":13,"column":13},"end":{"line":13,"column":null}},"loc":{"start":{"line":17,"column":31},"end":{"line":19,"column":5}}},"2":{"name":"(anonymous_2)","decl":{"start":{"line":21,"column":12},"end":{"line":21,"column":13}},"loc":{"start":{"line":21,"column":74},"end":{"line":23,"column":5}}},"3":{"name":"(anonymous_3)","decl":{"start":{"line":25,"column":16},"end":{"line":25,"column":17}},"loc":{"start":{"line":26,"column":8},"end":{"line":34,"column":10}}},"4":{"name":"(anonymous_4)","decl":{"start":{"line":26,"column":20},"end":{"line":26,"column":21}},"loc":{"start":{"line":26,"column":40},"end":{"line":34,"column":9}}},"5":{"name":"(anonymous_5)","decl":{"start":{"line":29,"column":16},"end":{"line":29,"column":17}},"loc":{"start":{"line":29,"column":47},"end":{"line":32,"column":17}}},"6":{"name":"(anonymous_6)","decl":{"start":{"line":36,"column":14},"end":{"line":36,"column":null}},"loc":{"start":{"line":40,"column":8},"end":{"line":62,"column":10}}},"7":{"name":"(anonymous_7)","decl":{"start":{"line":40,"column":20},"end":{"line":40,"column":21}},"loc":{"start":{"line":40,"column":40},"end":{"line":62,"column":9}}},"8":{"name":"(anonymous_8)","decl":{"start":{"line":47,"column":46},"end":{"line":47,"column":47}},"loc":{"start":{"line":47,"column":77},"end":{"line":61,"column":13}}}},"branchMap":{"0":{"loc":{"start":{"line":30,"column":20},"end":{"line":30,"column":41}},"type":"if","locations":[{"start":{"line":30,"column":20},"end":{"line":30,"column":41}},{"start":{"line":30,"column":20},"end":{"line":30,"column":41}}]},"1":{"loc":{"start":{"line":43,"column":12},"end":{"line":45,"column":null}},"type":"if","locations":[{"start":{"line":43,"column":12},"end":{"line":45,"column":null}},{"start":{"line":43,"column":12},"end":{"line":45,"column":null}}]},"2":{"loc":{"start":{"line":48,"column":16},"end":{"line":48,"column":37}},"type":"if","locations":[{"start":{"line":48,"column":16},"end":{"line":48,"column":37}},{"start":{"line":48,"column":16},"end":{"line":48,"column":37}}]},"3":{"loc":{"start":{"line":52,"column":16},"end":{"line":59,"column":null}},"type":"if","locations":[{"start":{"line":52,"column":16},"end":{"line":59,"column":null}},{"start":{"line":52,"column":16},"end":{"line":59,"column":null}}]},"4":{"loc":{"start":{"line":53,"column":20},"end":{"line":53,"column":56}},"type":"binary-expr","locations":[{"start":{"line":53,"column":20},"end":{"line":53,"column":56}},{"start":{"line":54,"column":20},"end":{"line":54,"column":49}}]}},"s":{"0":1,"1":1,"2":1,"3":1,"4":0,"5":1,"6":0,"7":1,"8":0,"9":0,"10":0,"11":0,"12":0,"13":1,"14":0,"15":0,"16":0,"17":0,"18":0,"19":0,"20":0,"21":0,"22":0,"23":0,"24":0,"25":0,"26":0,"27":1},"f":{"0":1,"1":0,"2":0,"3":0,"4":0,"5":0,"6":0,"7":0,"8":0},"b":{"0":[0,0],"1":[0,0],"2":[0,0],"3":[0,0],"4":[0,0]}}
,"/Users/fsociety/Dropbox/Appar/Memerary/api/src/portals/user.portal.ts": {"path":"/Users/fsociety/Dropbox/Appar/Memerary/api/src/portals/user.portal.ts","statementMap":{"0":{"start":{"line":1,"column":16},"end":{"line":1,"column":20}},"1":{"start":{"line":14,"column":8},"end":{"line":16,"column":null}},"2":{"start":{"line":15,"column":12},"end":{"line":15,"column":56}},"3":{"start":{"line":2,"column":0},"end":{"line":2,"column":13}},"4":{"start":{"line":3,"column":11},"end":{"line":5,"column":6}},"5":{"start":{"line":4,"column":8},"end":{"line":4,"column":20}},"6":{"start":{"line":7,"column":11},"end":{"line":9,"column":6}},"7":{"start":{"line":8,"column":8},"end":{"line":8,"column":20}},"8":{"start":{"line":11,"column":11},"end":{"line":11,"column":35}}},"fnMap":{"0":{"name":"(anonymous_0)","decl":{"start":{"line":13,"column":4},"end":{"line":13,"column":16}},"loc":{"start":{"line":13,"column":30},"end":{"line":17,"column":5}}},"1":{"name":"(anonymous_1)","decl":{"start":{"line":3,"column":21},"end":{"line":3,"column":24}},"loc":{"start":{"line":3,"column":26},"end":{"line":5,"column":5}}},"2":{"name":"(anonymous_2)","decl":{"start":{"line":7,"column":21},"end":{"line":7,"column":24}},"loc":{"start":{"line":7,"column":26},"end":{"line":9,"column":5}}},"3":{"name":"(anonymous_3)","decl":{"start":{"line":11,"column":26},"end":{"line":11,"column":29}},"loc":{"start":{"line":11,"column":31},"end":{"line":11,"column":34}}}},"branchMap":{"0":{"loc":{"start":{"line":14,"column":8},"end":{"line":16,"column":null}},"type":"if","locations":[{"start":{"line":14,"column":8},"end":{"line":16,"column":null}},{"start":{"line":14,"column":8},"end":{"line":16,"column":null}}]}},"s":{"0":1,"1":0,"2":0,"3":1,"4":1,"5":0,"6":1,"7":0,"8":1},"f":{"0":0,"1":0,"2":0,"3":0},"b":{"0":[0,0]}}
,"/Users/fsociety/Dropbox/Appar/Memerary/api/src/settings/settings.ts": {"path":"/Users/fsociety/Dropbox/Appar/Memerary/api/src/settings/settings.ts","statementMap":{"0":{"start":{"line":3,"column":13},"end":{"line":27,"column":2}}},"fnMap":{},"branchMap":{},"s":{"0":1},"f":{},"b":{}}
}
